1493187398558	geckodriver	INFO	Listening on 127.0.0.1:61354
1493187399172	geckodriver::marionette	INFO	Starting browser \\?\C:\Program Files\Mozilla Firefox\firefox.exe with args ["-marionette"]
1493187400483	addons.manager	ERROR	startup failed: [Exception... "Component returned failure code: 0x80070057 (NS_ERROR_ILLEGAL_VALUE) [nsIFile.create]"  nsresult: "0x80070057 (NS_ERROR_ILLEGAL_VALUE)"  location: "JS frame :: resource://gre/modules/FileUtils.jsm :: FileUtils_getDir :: line 70"  data: no] Stack trace: FileUtils_getDir()@resource://gre/modules/FileUtils.jsm:70 < FileUtils_getFile()@resource://gre/modules/FileUtils.jsm:42 < AddonManagerInternal.validateBlocklist()@resource://gre/modules/AddonManager.jsm:700 < AddonManagerInternal.startup()@resource://gre/modules/AddonManager.jsm:870 < this.AddonManagerPrivate.startup()@resource://gre/modules/AddonManager.jsm:3033 < amManager.prototype.observe()@resource://gre/components/addonManager.js:65
JavaScript error: resource://gre/modules/AddonManager.jsm, line 1677: NS_ERROR_NOT_INITIALIZED: AddonManager is not initialized
1493187401856	Marionette	INFO	Listening on port 61359
1493187401984	Marionette	WARN	TLS certificate errors will be ignored for this session
JavaScript error: resource://gre/modules/AddonManager.jsm, line 2585: NS_ERROR_NOT_INITIALIZED: AddonManager is not initialized
JavaScript error: resource://app/modules/WindowsJumpLists.jsm, line 403: NS_ERROR_FILE_NOT_FOUND: Component returned failure code: 0x80520012 (NS_ERROR_FILE_NOT_FOUND) [nsIJumpListShortcut.app]
1493200347511	geckodriver	INFO	Listening on 127.0.0.1:61739
1493200348078	geckodriver::marionette	INFO	Starting browser \\?\C:\Program Files\Mozilla Firefox\firefox.exe with args ["-marionette"]
1493200350885	addons.manager	ERROR	startup failed: [Exception... "Component returned failure code: 0x80070057 (NS_ERROR_ILLEGAL_VALUE) [nsIFile.create]"  nsresult: "0x80070057 (NS_ERROR_ILLEGAL_VALUE)"  location: "JS frame :: resource://gre/modules/FileUtils.jsm :: FileUtils_getDir :: line 70"  data: no] Stack trace: FileUtils_getDir()@resource://gre/modules/FileUtils.jsm:70 < FileUtils_getFile()@resource://gre/modules/FileUtils.jsm:42 < AddonManagerInternal.validateBlocklist()@resource://gre/modules/AddonManager.jsm:700 < AddonManagerInternal.startup()@resource://gre/modules/AddonManager.jsm:870 < this.AddonManagerPrivate.startup()@resource://gre/modules/AddonManager.jsm:3033 < amManager.prototype.observe()@resource://gre/components/addonManager.js:65
JavaScript error: resource://gre/modules/AddonManager.jsm, line 1677: NS_ERROR_NOT_INITIALIZED: AddonManager is not initialized
1493200352043	Marionette	INFO	Listening on port 61744
1493200352333	Marionette	WARN	TLS certificate errors will be ignored for this session
JavaScript error: resource://gre/modules/AddonManager.jsm, line 2585: NS_ERROR_NOT_INITIALIZED: AddonManager is not initialized
1493200433422	addons.productaddons	WARN	Failed downloading XML, status: 0, reason: timeout
JavaScript error: resource://app/modules/WindowsJumpLists.jsm, line 403: NS_ERROR_FILE_NOT_FOUND: Component returned failure code: 0x80520012 (NS_ERROR_FILE_NOT_FOUND) [nsIJumpListShortcut.app]
1493200480702	addons.productaddons	WARN	Failed downloading via XHR, status: 0, reason: error
1493200570896	addons.productaddons	WARN	Failed downloading via XHR, status: 0, reason: error
JavaScript error: resource://app/modules/WindowsJumpLists.jsm, line 403: NS_ERROR_FILE_NOT_FOUND: Component returned failure code: 0x80520012 (NS_ERROR_FILE_NOT_FOUND) [nsIJumpListShortcut.app]
1493200681837	geckodriver	INFO	Listening on 127.0.0.1:61878
1493200682406	geckodriver::marionette	INFO	Starting browser \\?\C:\Program Files\Mozilla Firefox\firefox.exe with args ["-marionette"]
1493200683823	addons.manager	ERROR	startup failed: [Exception... "Component returned failure code: 0x80070057 (NS_ERROR_ILLEGAL_VALUE) [nsIFile.create]"  nsresult: "0x80070057 (NS_ERROR_ILLEGAL_VALUE)"  location: "JS frame :: resource://gre/modules/FileUtils.jsm :: FileUtils_getDir :: line 70"  data: no] Stack trace: FileUtils_getDir()@resource://gre/modules/FileUtils.jsm:70 < FileUtils_getFile()@resource://gre/modules/FileUtils.jsm:42 < AddonManagerInternal.validateBlocklist()@resource://gre/modules/AddonManager.jsm:700 < AddonManagerInternal.startup()@resource://gre/modules/AddonManager.jsm:870 < this.AddonManagerPrivate.startup()@resource://gre/modules/AddonManager.jsm:3033 < amManager.prototype.observe()@resource://gre/components/addonManager.js:65
JavaScript error: resource://gre/modules/AddonManager.jsm, line 1677: NS_ERROR_NOT_INITIALIZED: AddonManager is not initialized
1493200684934	Marionette	INFO	Listening on port 61884
1493200685161	Marionette	WARN	TLS certificate errors will be ignored for this session
JavaScript error: resource://gre/modules/AddonManager.jsm, line 2585: NS_ERROR_NOT_INITIALIZED: AddonManager is not initialized
1493200729422	geckodriver	INFO	Listening on 127.0.0.1:61924
1493200730020	geckodriver::marionette	INFO	Starting browser \\?\C:\Program Files\Mozilla Firefox\firefox.exe with args ["-marionette"]
1493200731294	addons.manager	ERROR	startup failed: [Exception... "Component returned failure code: 0x80070057 (NS_ERROR_ILLEGAL_VALUE) [nsIFile.create]"  nsresult: "0x80070057 (NS_ERROR_ILLEGAL_VALUE)"  location: "JS frame :: resource://gre/modules/FileUtils.jsm :: FileUtils_getDir :: line 70"  data: no] Stack trace: FileUtils_getDir()@resource://gre/modules/FileUtils.jsm:70 < FileUtils_getFile()@resource://gre/modules/FileUtils.jsm:42 < AddonManagerInternal.validateBlocklist()@resource://gre/modules/AddonManager.jsm:700 < AddonManagerInternal.startup()@resource://gre/modules/AddonManager.jsm:870 < this.AddonManagerPrivate.startup()@resource://gre/modules/AddonManager.jsm:3033 < amManager.prototype.observe()@resource://gre/components/addonManager.js:65
JavaScript error: resource://gre/modules/AddonManager.jsm, line 1677: NS_ERROR_NOT_INITIALIZED: AddonManager is not initialized
1493200732404	Marionette	INFO	Listening on port 61929
1493200732833	Marionette	WARN	TLS certificate errors will be ignored for this session
JavaScript error: resource://gre/modules/AddonManager.jsm, line 2585: NS_ERROR_NOT_INITIALIZED: AddonManager is not initialized
1493201036063	geckodriver	INFO	Listening on 127.0.0.1:61965
1493201036241	geckodriver::marionette	INFO	Starting browser \\?\C:\Program Files\Mozilla Firefox\firefox.exe with args ["-marionette"]
1493201037505	addons.manager	ERROR	startup failed: [Exception... "Component returned failure code: 0x80070057 (NS_ERROR_ILLEGAL_VALUE) [nsIFile.create]"  nsresult: "0x80070057 (NS_ERROR_ILLEGAL_VALUE)"  location: "JS frame :: resource://gre/modules/FileUtils.jsm :: FileUtils_getDir :: line 70"  data: no] Stack trace: FileUtils_getDir()@resource://gre/modules/FileUtils.jsm:70 < FileUtils_getFile()@resource://gre/modules/FileUtils.jsm:42 < AddonManagerInternal.validateBlocklist()@resource://gre/modules/AddonManager.jsm:700 < AddonManagerInternal.startup()@resource://gre/modules/AddonManager.jsm:870 < this.AddonManagerPrivate.startup()@resource://gre/modules/AddonManager.jsm:3033 < amManager.prototype.observe()@resource://gre/components/addonManager.js:65
JavaScript error: resource://gre/modules/AddonManager.jsm, line 1677: NS_ERROR_NOT_INITIALIZED: AddonManager is not initialized
1493201038852	Marionette	INFO	Listening on port 61971
1493201039186	Marionette	WARN	TLS certificate errors will be ignored for this session
JavaScript error: resource://gre/modules/AddonManager.jsm, line 2585: NS_ERROR_NOT_INITIALIZED: AddonManager is not initialized
1493264908502	geckodriver	INFO	Listening on 127.0.0.1:53124
1493264908771	geckodriver::marionette	INFO	Starting browser \\?\C:\Program Files\Mozilla Firefox\firefox.exe with args ["-marionette"]
1493264910883	addons.manager	ERROR	startup failed: [Exception... "Component returned failure code: 0x80070057 (NS_ERROR_ILLEGAL_VALUE) [nsIFile.create]"  nsresult: "0x80070057 (NS_ERROR_ILLEGAL_VALUE)"  location: "JS frame :: resource://gre/modules/FileUtils.jsm :: FileUtils_getDir :: line 70"  data: no] Stack trace: FileUtils_getDir()@resource://gre/modules/FileUtils.jsm:70 < FileUtils_getFile()@resource://gre/modules/FileUtils.jsm:42 < AddonManagerInternal.validateBlocklist()@resource://gre/modules/AddonManager.jsm:700 < AddonManagerInternal.startup()@resource://gre/modules/AddonManager.jsm:870 < this.AddonManagerPrivate.startup()@resource://gre/modules/AddonManager.jsm:3033 < amManager.prototype.observe()@resource://gre/components/addonManager.js:65
JavaScript error: resource://gre/modules/AddonManager.jsm, line 1677: NS_ERROR_NOT_INITIALIZED: AddonManager is not initialized
1493264912667	Marionette	INFO	Listening on port 53129
1493264913178	Marionette	WARN	TLS certificate errors will be ignored for this session
JavaScript error: resource://gre/modules/AddonManager.jsm, line 2585: NS_ERROR_NOT_INITIALIZED: AddonManager is not initialized
1493264996220	addons.productaddons	WARN	Failed downloading XML, status: 0, reason: timeout
JavaScript error: resource://app/modules/WindowsJumpLists.jsm, line 403: NS_ERROR_FILE_NOT_FOUND: Component returned failure code: 0x80520012 (NS_ERROR_FILE_NOT_FOUND) [nsIJumpListShortcut.app]
1493265038283	addons.productaddons	WARN	Failed downloading via XHR, status: 0, reason: error
1493265128901	addons.productaddons	WARN	Failed downloading via XHR, status: 0, reason: error
JavaScript error: resource://app/modules/WindowsJumpLists.jsm, line 403: NS_ERROR_FILE_NOT_FOUND: Component returned failure code: 0x80520012 (NS_ERROR_FILE_NOT_FOUND) [nsIJumpListShortcut.app]
JavaScript error: resource://app/modules/WindowsJumpLists.jsm, line 403: NS_ERROR_FILE_NOT_FOUND: Component returned failure code: 0x80520012 (NS_ERROR_FILE_NOT_FOUND) [nsIJumpListShortcut.app]
JavaScript error: resource://app/modules/WindowsJumpLists.jsm, line 403: NS_ERROR_FILE_NOT_FOUND: Component returned failure code: 0x80520012 (NS_ERROR_FILE_NOT_FOUND) [nsIJumpListShortcut.app]
JavaScript error: resource://gre/modules/AddonManager.jsm, line 1434: NS_ERROR_NOT_INITIALIZED: AddonManager is not initialized
JavaScript error: resource://gre/modules/FileUtils.jsm, line 70: NS_ERROR_ILLEGAL_VALUE: Component returned failure code: 0x80070057 (NS_ERROR_ILLEGAL_VALUE) [nsIFile.create]
1493267483067	geckodriver	INFO	Listening on 127.0.0.1:53495
1493267483487	geckodriver::marionette	INFO	Starting browser \\?\C:\Program Files\Mozilla Firefox\firefox.exe with args ["-marionette"]
1493267486451	addons.manager	ERROR	startup failed: [Exception... "Component returned failure code: 0x80070057 (NS_ERROR_ILLEGAL_VALUE) [nsIFile.create]"  nsresult: "0x80070057 (NS_ERROR_ILLEGAL_VALUE)"  location: "JS frame :: resource://gre/modules/FileUtils.jsm :: FileUtils_getDir :: line 70"  data: no] Stack trace: FileUtils_getDir()@resource://gre/modules/FileUtils.jsm:70 < FileUtils_getFile()@resource://gre/modules/FileUtils.jsm:42 < AddonManagerInternal.validateBlocklist()@resource://gre/modules/AddonManager.jsm:700 < AddonManagerInternal.startup()@resource://gre/modules/AddonManager.jsm:870 < this.AddonManagerPrivate.startup()@resource://gre/modules/AddonManager.jsm:3033 < amManager.prototype.observe()@resource://gre/components/addonManager.js:65
JavaScript error: resource://gre/modules/AddonManager.jsm, line 1677: NS_ERROR_NOT_INITIALIZED: AddonManager is not initialized
1493267487779	Marionette	INFO	Listening on port 53500
1493267488295	Marionette	WARN	TLS certificate errors will be ignored for this session
JavaScript error: resource://gre/modules/AddonManager.jsm, line 2585: NS_ERROR_NOT_INITIALIZED: AddonManager is not initialized
1493284035021	geckodriver	INFO	Listening on 127.0.0.1:53834
1493284035442	geckodriver::marionette	INFO	Starting browser \\?\C:\Program Files\Mozilla Firefox\firefox.exe with args ["-marionette"]
1493284036992	addons.manager	ERROR	startup failed: [Exception... "Component returned failure code: 0x80070057 (NS_ERROR_ILLEGAL_VALUE) [nsIFile.create]"  nsresult: "0x80070057 (NS_ERROR_ILLEGAL_VALUE)"  location: "JS frame :: resource://gre/modules/FileUtils.jsm :: FileUtils_getDir :: line 70"  data: no] Stack trace: FileUtils_getDir()@resource://gre/modules/FileUtils.jsm:70 < FileUtils_getFile()@resource://gre/modules/FileUtils.jsm:42 < AddonManagerInternal.validateBlocklist()@resource://gre/modules/AddonManager.jsm:700 < AddonManagerInternal.startup()@resource://gre/modules/AddonManager.jsm:870 < this.AddonManagerPrivate.startup()@resource://gre/modules/AddonManager.jsm:3033 < amManager.prototype.observe()@resource://gre/components/addonManager.js:65
JavaScript error: resource://gre/modules/AddonManager.jsm, line 1677: NS_ERROR_NOT_INITIALIZED: AddonManager is not initialized
1493284038225	Marionette	INFO	Listening on port 53840
1493284038693	Marionette	WARN	TLS certificate errors will be ignored for this session
JavaScript error: resource://gre/modules/AddonManager.jsm, line 2585: NS_ERROR_NOT_INITIALIZED: AddonManager is not initialized
1493284044120	Marionette	INFO	New connections will no longer be accepted
1493284157423	geckodriver	INFO	Listening on 127.0.0.1:53866
1493284157965	geckodriver::marionette	INFO	Starting browser \\?\C:\Program Files\Mozilla Firefox\firefox.exe with args ["-marionette"]
1493284159410	addons.manager	ERROR	startup failed: [Exception... "Component returned failure code: 0x80070057 (NS_ERROR_ILLEGAL_VALUE) [nsIFile.create]"  nsresult: "0x80070057 (NS_ERROR_ILLEGAL_VALUE)"  location: "JS frame :: resource://gre/modules/FileUtils.jsm :: FileUtils_getDir :: line 70"  data: no] Stack trace: FileUtils_getDir()@resource://gre/modules/FileUtils.jsm:70 < FileUtils_getFile()@resource://gre/modules/FileUtils.jsm:42 < AddonManagerInternal.validateBlocklist()@resource://gre/modules/AddonManager.jsm:700 < AddonManagerInternal.startup()@resource://gre/modules/AddonManager.jsm:870 < this.AddonManagerPrivate.startup()@resource://gre/modules/AddonManager.jsm:3033 < amManager.prototype.observe()@resource://gre/components/addonManager.js:65
JavaScript error: resource://gre/modules/AddonManager.jsm, line 1677: NS_ERROR_NOT_INITIALIZED: AddonManager is not initialized
1493284160593	Marionette	INFO	Listening on port 53871
1493284160709	Marionette	WARN	TLS certificate errors will be ignored for this session
JavaScript error: resource://gre/modules/AddonManager.jsm, line 2585: NS_ERROR_NOT_INITIALIZED: AddonManager is not initialized
1493284166357	Marionette	INFO	New connections will no longer be accepted
1493284221197	geckodriver	INFO	Listening on 127.0.0.1:53896
1493284221710	geckodriver::marionette	INFO	Starting browser \\?\C:\Program Files\Mozilla Firefox\firefox.exe with args ["-marionette"]
1493284223240	addons.manager	ERROR	startup failed: [Exception... "Component returned failure code: 0x80070057 (NS_ERROR_ILLEGAL_VALUE) [nsIFile.create]"  nsresult: "0x80070057 (NS_ERROR_ILLEGAL_VALUE)"  location: "JS frame :: resource://gre/modules/FileUtils.jsm :: FileUtils_getDir :: line 70"  data: no] Stack trace: FileUtils_getDir()@resource://gre/modules/FileUtils.jsm:70 < FileUtils_getFile()@resource://gre/modules/FileUtils.jsm:42 < AddonManagerInternal.validateBlocklist()@resource://gre/modules/AddonManager.jsm:700 < AddonManagerInternal.startup()@resource://gre/modules/AddonManager.jsm:870 < this.AddonManagerPrivate.startup()@resource://gre/modules/AddonManager.jsm:3033 < amManager.prototype.observe()@resource://gre/components/addonManager.js:65
JavaScript error: resource://gre/modules/AddonManager.jsm, line 1677: NS_ERROR_NOT_INITIALIZED: AddonManager is not initialized
1493284224347	Marionette	INFO	Listening on port 53901
1493284224649	Marionette	WARN	TLS certificate errors will be ignored for this session
JavaScript error: resource://gre/modules/AddonManager.jsm, line 2585: NS_ERROR_NOT_INITIALIZED: AddonManager is not initialized
1493284226906	Marionette	INFO	New connections will no longer be accepted
1493284265593	geckodriver	INFO	Listening on 127.0.0.1:53926
1493284266125	geckodriver::marionette	INFO	Starting browser \\?\C:\Program Files\Mozilla Firefox\firefox.exe with args ["-marionette"]
1493284267287	addons.manager	ERROR	startup failed: [Exception... "Component returned failure code: 0x80070057 (NS_ERROR_ILLEGAL_VALUE) [nsIFile.create]"  nsresult: "0x80070057 (NS_ERROR_ILLEGAL_VALUE)"  location: "JS frame :: resource://gre/modules/FileUtils.jsm :: FileUtils_getDir :: line 70"  data: no] Stack trace: FileUtils_getDir()@resource://gre/modules/FileUtils.jsm:70 < FileUtils_getFile()@resource://gre/modules/FileUtils.jsm:42 < AddonManagerInternal.validateBlocklist()@resource://gre/modules/AddonManager.jsm:700 < AddonManagerInternal.startup()@resource://gre/modules/AddonManager.jsm:870 < this.AddonManagerPrivate.startup()@resource://gre/modules/AddonManager.jsm:3033 < amManager.prototype.observe()@resource://gre/components/addonManager.js:65
JavaScript error: resource://gre/modules/AddonManager.jsm, line 1677: NS_ERROR_NOT_INITIALIZED: AddonManager is not initialized
1493284268451	Marionette	INFO	Listening on port 53931
1493284268592	Marionette	WARN	TLS certificate errors will be ignored for this session
JavaScript error: resource://gre/modules/AddonManager.jsm, line 2585: NS_ERROR_NOT_INITIALIZED: AddonManager is not initialized
1493284273789	Marionette	INFO	New connections will no longer be accepted
1493284319851	geckodriver	INFO	Listening on 127.0.0.1:53959
1493284320412	geckodriver::marionette	INFO	Starting browser \\?\C:\Program Files\Mozilla Firefox\firefox.exe with args ["-marionette"]
1493284322955	addons.manager	ERROR	startup failed: [Exception... "Component returned failure code: 0x80070057 (NS_ERROR_ILLEGAL_VALUE) [nsIFile.create]"  nsresult: "0x80070057 (NS_ERROR_ILLEGAL_VALUE)"  location: "JS frame :: resource://gre/modules/FileUtils.jsm :: FileUtils_getDir :: line 70"  data: no] Stack trace: FileUtils_getDir()@resource://gre/modules/FileUtils.jsm:70 < FileUtils_getFile()@resource://gre/modules/FileUtils.jsm:42 < AddonManagerInternal.validateBlocklist()@resource://gre/modules/AddonManager.jsm:700 < AddonManagerInternal.startup()@resource://gre/modules/AddonManager.jsm:870 < this.AddonManagerPrivate.startup()@resource://gre/modules/AddonManager.jsm:3033 < amManager.prototype.observe()@resource://gre/components/addonManager.js:65
JavaScript error: resource://gre/modules/AddonManager.jsm, line 1677: NS_ERROR_NOT_INITIALIZED: AddonManager is not initialized
1493284324129	Marionette	INFO	Listening on port 53964
1493284324372	Marionette	WARN	TLS certificate errors will be ignored for this session
JavaScript error: resource://gre/modules/AddonManager.jsm, line 2585: NS_ERROR_NOT_INITIALIZED: AddonManager is not initialized
1493284329506	Marionette	INFO	New connections will no longer be accepted
1493284429698	geckodriver	INFO	Listening on 127.0.0.1:53993
1493284430301	geckodriver::marionette	INFO	Starting browser \\?\C:\Program Files\Mozilla Firefox\firefox.exe with args ["-marionette"]
1493284431280	addons.manager	ERROR	startup failed: [Exception... "Component returned failure code: 0x80070057 (NS_ERROR_ILLEGAL_VALUE) [nsIFile.create]"  nsresult: "0x80070057 (NS_ERROR_ILLEGAL_VALUE)"  location: "JS frame :: resource://gre/modules/FileUtils.jsm :: FileUtils_getDir :: line 70"  data: no] Stack trace: FileUtils_getDir()@resource://gre/modules/FileUtils.jsm:70 < FileUtils_getFile()@resource://gre/modules/FileUtils.jsm:42 < AddonManagerInternal.validateBlocklist()@resource://gre/modules/AddonManager.jsm:700 < AddonManagerInternal.startup()@resource://gre/modules/AddonManager.jsm:870 < this.AddonManagerPrivate.startup()@resource://gre/modules/AddonManager.jsm:3033 < amManager.prototype.observe()@resource://gre/components/addonManager.js:65
JavaScript error: resource://gre/modules/AddonManager.jsm, line 1677: NS_ERROR_NOT_INITIALIZED: AddonManager is not initialized
1493284432457	Marionette	INFO	Listening on port 53999
1493284432763	Marionette	WARN	TLS certificate errors will be ignored for this session
JavaScript error: resource://gre/modules/AddonManager.jsm, line 2585: NS_ERROR_NOT_INITIALIZED: AddonManager is not initialized
1493284438398	Marionette	INFO	New connections will no longer be accepted
